\BOOKMARK [0][-]{chapter.1}{Einleitung}{}% 1
\BOOKMARK [0][-]{chapter.2}{Anforderungsanalyse}{}% 2
\BOOKMARK [1][-]{section.2.1}{Allgemeine Problemstellung}{chapter.2}% 3
\BOOKMARK [1][-]{section.2.2}{Genaue Anforderungen an das System}{chapter.2}% 4
\BOOKMARK [2][-]{subsection.2.2.1}{Ablauf eines Praktikumsmoduls}{section.2.2}% 5
\BOOKMARK [2][-]{subsection.2.2.2}{Verschiedene Sichten im \334berblick}{section.2.2}% 6
\BOOKMARK [1][-]{section.2.3}{Der Verteilungsalgorithmus}{chapter.2}% 7
\BOOKMARK [1][-]{section.2.4}{Technische Details}{chapter.2}% 8
\BOOKMARK [0][-]{chapter.3}{Entwurf}{}% 9
\BOOKMARK [1][-]{section.3.1}{Datenmodell}{chapter.3}% 10
\BOOKMARK [1][-]{section.3.2}{Design}{chapter.3}% 11
\BOOKMARK [2][-]{subsection.3.2.1}{Frontend}{section.3.2}% 12
\BOOKMARK [2][-]{subsection.3.2.2}{Backend}{section.3.2}% 13
\BOOKMARK [0][-]{chapter.4}{Umsetzung}{}% 14
\BOOKMARK [1][-]{section.4.1}{Verwendete Software}{chapter.4}% 15
\BOOKMARK [1][-]{section.4.2}{Frontend}{chapter.4}% 16
\BOOKMARK [1][-]{section.4.3}{Backend}{chapter.4}% 17
\BOOKMARK [0][-]{chapter.5}{Verteilungsalgorithmus}{}% 18
\BOOKMARK [1][-]{section.5.1}{\334berlegungen zum Algorithmus}{chapter.5}% 19
\BOOKMARK [0][-]{chapter.6}{Zusammenfassung}{}% 20
\BOOKMARK [1][-]{section.6.1}{Stand des Projekts}{chapter.6}% 21
\BOOKMARK [1][-]{section.6.2}{Offene Probleme}{chapter.6}% 22
\BOOKMARK [1][-]{section.6.3}{M\366gliche weitere Arbeiten}{chapter.6}% 23
\BOOKMARK [0][-]{chapter.7}{Anhang}{}% 24
\BOOKMARK [1][-]{section.7.1}{Anhang - Entwurf}{chapter.7}% 25
